<?xml version="1.0" encoding="UTF-8"?>
<!-- Generated by org.testng.reporters.JUnitReportReporter -->
<testsuite hostname="LAPTOP-PQ7VFM0I" failures="0" tests="1" name="com.demoqa.tests.forms.StudentFormTest" time="16.287" errors="0" timestamp="2024-07-04T18:16:42 CEST" skipped="0">
  <testcase classname="com.demoqa.tests.forms.StudentFormTest" name="createStudentAccountPositiveTest" time="16.287"/>
</testsuite> <!-- com.demoqa.tests.forms.StudentFormTest -->
